
*** Running vivado
    with args -log average.vds -m64 -product Vivado -mode batch -messageDb vivado.pb -notrace -source average.tcl



****** Vivado v2022.2 (64-bit)
  **** SW Build 3671981 on Fri Oct 14 05:00:03 MDT 2022
  **** IP Build 3669848 on Fri Oct 14 08:30:02 MDT 2022
    ** Copyright 1986-2022 Xilinx, Inc. All Rights Reserved.

source average.tcl -notrace
Command: read_checkpoint -auto_incremental -incremental C:/vivado/DataGenerator/DataGenerator.srcs/utils_1/imports/synth_1/average.dcp
INFO: [Vivado 12-5825] Read reference checkpoint from C:/vivado/DataGenerator/DataGenerator.srcs/utils_1/imports/synth_1/average.dcp for incremental synthesis
INFO: [Vivado 12-7989] Please ensure there are no constraint changes
Command: synth_design -top average -part xc7a100tcsg324-2L
Starting synth_design
Attempting to get a license for feature 'Synthesis' and/or device 'xc7a100t'
INFO: [Common 17-349] Got license for feature 'Synthesis' and/or device 'xc7a100t'
INFO: [Device 21-403] Loading part xc7a100tcsg324-2L
INFO: [Designutils 20-5440] No compile time benefit to using incremental synthesis; A full resynthesis will be run
INFO: [Designutils 20-4379] Flow is switching to default flow due to incremental criteria not met. If you would like to alter this behaviour and have the flow terminate instead, please set the following parameter config_implementation {autoIncr.Synth.RejectBehavior Terminate}
INFO: [Synth 8-7079] Multithreading enabled for synth_design using a maximum of 2 processes.
INFO: [Synth 8-7078] Launching helper process for spawning children vivado processes
INFO: [Synth 8-7075] Helper process launched with PID 15432
INFO: [Synth 8-11241] undeclared symbol 'REGCCE', assumed default net type 'wire' [C:/vivado/Vivado/2022.2/data/verilog/src/unimacro/BRAM_SINGLE_MACRO.v:2170]
---------------------------------------------------------------------------------
Starting RTL Elaboration : Time (s): cpu = 00:00:02 ; elapsed = 00:00:04 . Memory (MB): peak = 1206.523 ; gain = 408.652
---------------------------------------------------------------------------------
INFO: [Synth 8-638] synthesizing module 'average' [C:/vivado/DataGenerator/DataGenerator.srcs/sources_1/new/RollingAvg.vhd:17]
INFO: [Synth 8-3491] module 'DataGenerator' declared at 'C:/vivado/DataGenerator/DataGenerator.srcs/sources_1/new/DataGenerator.vhd:6' bound to instance 'DG' of component 'DataGenerator' [C:/vivado/DataGenerator/DataGenerator.srcs/sources_1/new/RollingAvg.vhd:58]
INFO: [Synth 8-638] synthesizing module 'DataGenerator' [C:/vivado/DataGenerator/DataGenerator.srcs/sources_1/new/DataGenerator.vhd:13]
INFO: [Synth 8-3491] module 'shiftmic' declared at 'C:/vivado/DataGenerator/DataGenerator.srcs/sources_1/new/shiftmic.vhd:4' bound to instance 'I_shiftmic' of component 'shiftmic' [C:/vivado/DataGenerator/DataGenerator.srcs/sources_1/new/DataGenerator.vhd:59]
INFO: [Synth 8-638] synthesizing module 'shiftmic' [C:/vivado/DataGenerator/DataGenerator.srcs/sources_1/new/shiftmic.vhd:10]
WARNING: [Synth 8-614] signal 'OP_INT' is read in the process but is not in the sensitivity list [C:/vivado/DataGenerator/DataGenerator.srcs/sources_1/new/shiftmic.vhd:13]
INFO: [Synth 8-256] done synthesizing module 'shiftmic' (0#1) [C:/vivado/DataGenerator/DataGenerator.srcs/sources_1/new/shiftmic.vhd:10]
INFO: [Synth 8-3491] module 'shiftmare' declared at 'C:/vivado/DataGenerator/DataGenerator.srcs/sources_1/new/shiftmare.vhd:4' bound to instance 'I_shiftmare' of component 'shiftmare' [C:/vivado/DataGenerator/DataGenerator.srcs/sources_1/new/DataGenerator.vhd:60]
INFO: [Synth 8-638] synthesizing module 'shiftmare' [C:/vivado/DataGenerator/DataGenerator.srcs/sources_1/new/shiftmare.vhd:10]
WARNING: [Synth 8-614] signal 'OP_INT' is read in the process but is not in the sensitivity list [C:/vivado/DataGenerator/DataGenerator.srcs/sources_1/new/shiftmare.vhd:17]
INFO: [Synth 8-256] done synthesizing module 'shiftmare' (0#1) [C:/vivado/DataGenerator/DataGenerator.srcs/sources_1/new/shiftmare.vhd:10]
INFO: [Synth 8-3491] module 'frequency_divider' declared at 'C:/vivado/DataGenerator/DataGenerator.srcs/sources_1/new/frequency_divider.vhd:6' bound to instance 'FrDiv' of component 'frequency_divider' [C:/vivado/DataGenerator/DataGenerator.srcs/sources_1/new/DataGenerator.vhd:61]
INFO: [Synth 8-638] synthesizing module 'frequency_divider' [C:/vivado/DataGenerator/DataGenerator.srcs/sources_1/new/frequency_divider.vhd:13]
INFO: [Synth 8-256] done synthesizing module 'frequency_divider' (0#1) [C:/vivado/DataGenerator/DataGenerator.srcs/sources_1/new/frequency_divider.vhd:13]
INFO: [Synth 8-3491] module 'SquareWave' declared at 'C:/vivado/DataGenerator/DataGenerator.srcs/sources_1/new/SquareWave.vhd:4' bound to instance 'SW' of component 'SquareWave' [C:/vivado/DataGenerator/DataGenerator.srcs/sources_1/new/DataGenerator.vhd:62]
INFO: [Synth 8-638] synthesizing module 'SquareWave' [C:/vivado/DataGenerator/DataGenerator.srcs/sources_1/new/SquareWave.vhd:10]
INFO: [Synth 8-3491] module 'frequency_divider' declared at 'C:/vivado/DataGenerator/DataGenerator.srcs/sources_1/new/frequency_divider.vhd:6' bound to instance 'DatCLK' of component 'frequency_divider' [C:/vivado/DataGenerator/DataGenerator.srcs/sources_1/new/SquareWave.vhd:30]
INFO: [Synth 8-3491] module 'SqWaveDivider' declared at 'C:/vivado/DataGenerator/DataGenerator.srcs/sources_1/new/SqWaveDivider.vhd:6' bound to instance 'SqWave' of component 'SqWaveDivider' [C:/vivado/DataGenerator/DataGenerator.srcs/sources_1/new/SquareWave.vhd:31]
INFO: [Synth 8-638] synthesizing module 'SqWaveDivider' [C:/vivado/DataGenerator/DataGenerator.srcs/sources_1/new/SqWaveDivider.vhd:13]
INFO: [Synth 8-256] done synthesizing module 'SqWaveDivider' (0#1) [C:/vivado/DataGenerator/DataGenerator.srcs/sources_1/new/SqWaveDivider.vhd:13]
WARNING: [Synth 8-614] signal 'CLK' is read in the process but is not in the sensitivity list [C:/vivado/DataGenerator/DataGenerator.srcs/sources_1/new/SquareWave.vhd:33]
WARNING: [Synth 8-614] signal 'OP_INT' is read in the process but is not in the sensitivity list [C:/vivado/DataGenerator/DataGenerator.srcs/sources_1/new/SquareWave.vhd:33]
INFO: [Synth 8-256] done synthesizing module 'SquareWave' (0#1) [C:/vivado/DataGenerator/DataGenerator.srcs/sources_1/new/SquareWave.vhd:10]
INFO: [Synth 8-3491] module 'memorie1' declared at 'C:/vivado/DataGenerator/DataGenerator.srcs/sources_1/new/memorie1.vhd:4' bound to instance 'S1' of component 'memorie1' [C:/vivado/DataGenerator/DataGenerator.srcs/sources_1/new/DataGenerator.vhd:63]
INFO: [Synth 8-638] synthesizing module 'memorie1' [C:/vivado/DataGenerator/DataGenerator.srcs/sources_1/new/memorie1.vhd:10]
INFO: [Synth 8-256] done synthesizing module 'memorie1' (0#1) [C:/vivado/DataGenerator/DataGenerator.srcs/sources_1/new/memorie1.vhd:10]
INFO: [Synth 8-3491] module 'memorie2' declared at 'C:/vivado/DataGenerator/DataGenerator.srcs/sources_1/new/memorie2.vhd:26' bound to instance 'S2' of component 'memorie2' [C:/vivado/DataGenerator/DataGenerator.srcs/sources_1/new/DataGenerator.vhd:64]
INFO: [Synth 8-638] synthesizing module 'memorie2' [C:/vivado/DataGenerator/DataGenerator.srcs/sources_1/new/memorie2.vhd:32]
INFO: [Synth 8-256] done synthesizing module 'memorie2' (0#1) [C:/vivado/DataGenerator/DataGenerator.srcs/sources_1/new/memorie2.vhd:32]
INFO: [Synth 8-256] done synthesizing module 'DataGenerator' (0#1) [C:/vivado/DataGenerator/DataGenerator.srcs/sources_1/new/DataGenerator.vhd:13]
INFO: [Synth 8-3491] module 'frequency_divider' declared at 'C:/vivado/DataGenerator/DataGenerator.srcs/sources_1/new/frequency_divider.vhd:6' bound to instance 'FDiv' of component 'frequency_divider' [C:/vivado/DataGenerator/DataGenerator.srcs/sources_1/new/RollingAvg.vhd:59]
INFO: [Synth 8-3491] module 'average_computer' declared at 'C:/vivado/DataGenerator/DataGenerator.srcs/sources_1/new/average_computer.vhd:6' bound to instance 'Filter' of component 'average_computer' [C:/vivado/DataGenerator/DataGenerator.srcs/sources_1/new/RollingAvg.vhd:60]
INFO: [Synth 8-638] synthesizing module 'average_computer' [C:/vivado/DataGenerator/DataGenerator.srcs/sources_1/new/average_computer.vhd:16]
WARNING: [Synth 8-614] signal 'length' is read in the process but is not in the sensitivity list [C:/vivado/DataGenerator/DataGenerator.srcs/sources_1/new/average_computer.vhd:24]
WARNING: [Synth 8-614] signal 'number_array' is read in the process but is not in the sensitivity list [C:/vivado/DataGenerator/DataGenerator.srcs/sources_1/new/average_computer.vhd:24]
INFO: [Synth 8-256] done synthesizing module 'average_computer' (0#1) [C:/vivado/DataGenerator/DataGenerator.srcs/sources_1/new/average_computer.vhd:16]
INFO: [Synth 8-3491] module 'DISPLAY' declared at 'C:/vivado/DataGenerator/DataGenerator.srcs/sources_1/new/Display.vhd:5' bound to instance 'Displayer' of component 'DISPLAY' [C:/vivado/DataGenerator/DataGenerator.srcs/sources_1/new/RollingAvg.vhd:61]
INFO: [Synth 8-638] synthesizing module 'DISPLAY' [C:/vivado/DataGenerator/DataGenerator.srcs/sources_1/new/Display.vhd:13]
INFO: [Synth 8-3491] module 'Convertor' declared at 'C:/vivado/DataGenerator/DataGenerator.srcs/sources_1/new/Convertor.vhd:6' bound to instance 'C0' of component 'Convertor' [C:/vivado/DataGenerator/DataGenerator.srcs/sources_1/new/Display.vhd:33]
INFO: [Synth 8-638] synthesizing module 'Convertor' [C:/vivado/DataGenerator/DataGenerator.srcs/sources_1/new/Convertor.vhd:13]
INFO: [Synth 8-226] default block is never used [C:/vivado/DataGenerator/DataGenerator.srcs/sources_1/new/Convertor.vhd:18]
INFO: [Synth 8-256] done synthesizing module 'Convertor' (0#1) [C:/vivado/DataGenerator/DataGenerator.srcs/sources_1/new/Convertor.vhd:13]
INFO: [Synth 8-3491] module 'Convertor' declared at 'C:/vivado/DataGenerator/DataGenerator.srcs/sources_1/new/Convertor.vhd:6' bound to instance 'C1' of component 'Convertor' [C:/vivado/DataGenerator/DataGenerator.srcs/sources_1/new/Display.vhd:34]
INFO: [Synth 8-3491] module 'Convertor' declared at 'C:/vivado/DataGenerator/DataGenerator.srcs/sources_1/new/Convertor.vhd:6' bound to instance 'C2' of component 'Convertor' [C:/vivado/DataGenerator/DataGenerator.srcs/sources_1/new/Display.vhd:35]
INFO: [Synth 8-3491] module 'Convertor' declared at 'C:/vivado/DataGenerator/DataGenerator.srcs/sources_1/new/Convertor.vhd:6' bound to instance 'C3' of component 'Convertor' [C:/vivado/DataGenerator/DataGenerator.srcs/sources_1/new/Display.vhd:36]
INFO: [Synth 8-3491] module 'FreqDivider7Seg' declared at 'C:/vivado/DataGenerator/DataGenerator.srcs/sources_1/new/FreqDivider7Seg.vhd:6' bound to instance 'CLKDiv' of component 'FreqDivider7Seg' [C:/vivado/DataGenerator/DataGenerator.srcs/sources_1/new/Display.vhd:40]
INFO: [Synth 8-638] synthesizing module 'FreqDivider7Seg' [C:/vivado/DataGenerator/DataGenerator.srcs/sources_1/new/FreqDivider7Seg.vhd:13]
INFO: [Synth 8-256] done synthesizing module 'FreqDivider7Seg' (0#1) [C:/vivado/DataGenerator/DataGenerator.srcs/sources_1/new/FreqDivider7Seg.vhd:13]
WARNING: [Synth 8-614] signal 'LED_out' is read in the process but is not in the sensitivity list [C:/vivado/DataGenerator/DataGenerator.srcs/sources_1/new/Display.vhd:53]
INFO: [Synth 8-256] done synthesizing module 'DISPLAY' (0#1) [C:/vivado/DataGenerator/DataGenerator.srcs/sources_1/new/Display.vhd:13]
INFO: [Synth 8-256] done synthesizing module 'average' (0#1) [C:/vivado/DataGenerator/DataGenerator.srcs/sources_1/new/RollingAvg.vhd:17]
WARNING: [Synth 8-6014] Unused sequential element OP_reg was removed.  [C:/vivado/DataGenerator/DataGenerator.srcs/sources_1/new/memorie1.vhd:23]
WARNING: [Synth 8-6014] Unused sequential element OP_reg was removed.  [C:/vivado/DataGenerator/DataGenerator.srcs/sources_1/new/memorie2.vhd:45]
WARNING: [Synth 8-6014] Unused sequential element clk_enable_reg was removed.  [C:/vivado/DataGenerator/DataGenerator.srcs/sources_1/new/average_computer.vhd:41]
WARNING: [Synth 8-3917] design average has port ANOD[7] driven by constant 1
WARNING: [Synth 8-3917] design average has port ANOD[6] driven by constant 1
WARNING: [Synth 8-3917] design average has port ANOD[5] driven by constant 1
WARNING: [Synth 8-3917] design average has port ANOD[4] driven by constant 1
WARNING: [Synth 8-7129] Port RST in module memorie2 is either unconnected or has no load
WARNING: [Synth 8-7129] Port RST in module memorie1 is either unconnected or has no load
---------------------------------------------------------------------------------
Finished RTL Elaboration : Time (s): cpu = 00:00:02 ; elapsed = 00:00:05 . Memory (MB): peak = 1298.586 ; gain = 500.715
---------------------------------------------------------------------------------
---------------------------------------------------------------------------------
Start Handling Custom Attributes
---------------------------------------------------------------------------------
---------------------------------------------------------------------------------
Finished Handling Custom Attributes : Time (s): cpu = 00:00:02 ; elapsed = 00:00:05 . Memory (MB): peak = 1298.586 ; gain = 500.715
---------------------------------------------------------------------------------
---------------------------------------------------------------------------------
Finished RTL Optimization Phase 1 : Time (s): cpu = 00:00:02 ; elapsed = 00:00:05 . Memory (MB): peak = 1298.586 ; gain = 500.715
---------------------------------------------------------------------------------
Netlist sorting complete. Time (s): cpu = 00:00:00 ; elapsed = 00:00:00.005 . Memory (MB): peak = 1298.586 ; gain = 0.000
INFO: [Project 1-570] Preparing netlist for logic optimization

Processing XDC Constraints
Initializing timing engine
Parsing XDC File [C:/vivado/Nexys-A7-100T-Master.xdc]
Finished Parsing XDC File [C:/vivado/Nexys-A7-100T-Master.xdc]
INFO: [Project 1-236] Implementation specific constraints were found while reading constraint file [C:/vivado/Nexys-A7-100T-Master.xdc]. These constraints will be ignored for synthesis but will be used in implementation. Impacted constraints are listed in the file [.Xil/average_propImpl.xdc].
Resolution: To avoid this warning, move constraints listed in [.Xil/average_propImpl.xdc] to another XDC file and exclude this new file from synthesis with the used_in_synthesis property (File Properties dialog in GUI) and re-run elaboration/synthesis.
Completed Processing XDC Constraints

Netlist sorting complete. Time (s): cpu = 00:00:00 ; elapsed = 00:00:00 . Memory (MB): peak = 1367.559 ; gain = 0.000
INFO: [Project 1-111] Unisim Transformation Summary:
No Unisim elements were transformed.

Constraint Validation Runtime : Time (s): cpu = 00:00:00 ; elapsed = 00:00:00.003 . Memory (MB): peak = 1367.559 ; gain = 0.000
INFO: [Designutils 20-5440] No compile time benefit to using incremental synthesis; A full resynthesis will be run
INFO: [Designutils 20-4379] Flow is switching to default flow due to incremental criteria not met. If you would like to alter this behaviour and have the flow terminate instead, please set the following parameter config_implementation {autoIncr.Synth.RejectBehavior Terminate}
INFO: [Synth 8-11241] undeclared symbol 'REGCCE', assumed default net type 'wire' [C:/vivado/Vivado/2022.2/data/verilog/src/unimacro/BRAM_SINGLE_MACRO.v:2170]
---------------------------------------------------------------------------------
Finished Constraint Validation : Time (s): cpu = 00:00:05 ; elapsed = 00:00:11 . Memory (MB): peak = 1367.559 ; gain = 569.688
---------------------------------------------------------------------------------
---------------------------------------------------------------------------------
Start Loading Part and Timing Information
---------------------------------------------------------------------------------
Loading part: xc7a100tcsg324-2L
---------------------------------------------------------------------------------
Finished Loading Part and Timing Information : Time (s): cpu = 00:00:05 ; elapsed = 00:00:11 . Memory (MB): peak = 1367.559 ; gain = 569.688
---------------------------------------------------------------------------------
---------------------------------------------------------------------------------
Start Applying 'set_property' XDC Constraints
---------------------------------------------------------------------------------
---------------------------------------------------------------------------------
Finished applying 'set_property' XDC Constraints : Time (s): cpu = 00:00:05 ; elapsed = 00:00:11 . Memory (MB): peak = 1367.559 ; gain = 569.688
---------------------------------------------------------------------------------
---------------------------------------------------------------------------------
Finished RTL Optimization Phase 2 : Time (s): cpu = 00:00:05 ; elapsed = 00:00:11 . Memory (MB): peak = 1367.559 ; gain = 569.688
---------------------------------------------------------------------------------
---------------------------------------------------------------------------------
Start RTL Component Statistics 
---------------------------------------------------------------------------------
Detailed RTL Component Info : 
+---Adders : 
	   2 Input   32 Bit       Adders := 1     
	   2 Input   27 Bit       Adders := 3     
	   2 Input   19 Bit       Adders := 1     
	   2 Input   12 Bit       Adders := 1     
	   3 Input   12 Bit       Adders := 1     
	   5 Input   12 Bit       Adders := 1     
	   9 Input   12 Bit       Adders := 1     
+---XORs : 
	   2 Input      1 Bit         XORs := 1     
	   4 Input      1 Bit         XORs := 1     
+---Registers : 
	               12 Bit    Registers := 16    
	                8 Bit    Registers := 19    
	                4 Bit    Registers := 2     
	                1 Bit    Registers := 5     
+---Muxes : 
	   5 Input    8 Bit        Muxes := 3     
---------------------------------------------------------------------------------
Finished RTL Component Statistics 
---------------------------------------------------------------------------------
---------------------------------------------------------------------------------
Start Part Resource Summary
---------------------------------------------------------------------------------
Part Resources:
DSPs: 240 (col length:80)
BRAMs: 270 (col length: RAMB18 80 RAMB36 40)
---------------------------------------------------------------------------------
Finished Part Resource Summary
---------------------------------------------------------------------------------
---------------------------------------------------------------------------------
Start Cross Boundary and Area Optimization
---------------------------------------------------------------------------------
WARNING: [Synth 8-7080] Parallel synthesis criteria is not met
WARNING: [Synth 8-3917] design average has port ANOD[7] driven by constant 1
WARNING: [Synth 8-3917] design average has port ANOD[6] driven by constant 1
WARNING: [Synth 8-3917] design average has port ANOD[5] driven by constant 1
WARNING: [Synth 8-3917] design average has port ANOD[4] driven by constant 1
WARNING: [Synth 8-3332] Sequential element (Filter/average_reg[7]_C) is unused and will be removed from module average.
WARNING: [Synth 8-3332] Sequential element (Filter/average_reg[6]_C) is unused and will be removed from module average.
WARNING: [Synth 8-3332] Sequential element (Filter/average_reg[5]_C) is unused and will be removed from module average.
WARNING: [Synth 8-3332] Sequential element (Filter/average_reg[4]_C) is unused and will be removed from module average.
WARNING: [Synth 8-3332] Sequential element (Filter/average_reg[3]_C) is unused and will be removed from module average.
WARNING: [Synth 8-3332] Sequential element (Filter/average_reg[2]_C) is unused and will be removed from module average.
WARNING: [Synth 8-3332] Sequential element (Filter/average_reg[1]_C) is unused and will be removed from module average.
WARNING: [Synth 8-3332] Sequential element (Filter/average_reg[0]_C) is unused and will be removed from module average.
---------------------------------------------------------------------------------
Finished Cross Boundary and Area Optimization : Time (s): cpu = 00:00:06 ; elapsed = 00:00:13 . Memory (MB): peak = 1367.559 ; gain = 569.688
---------------------------------------------------------------------------------
---------------------------------------------------------------------------------
Start Applying XDC Timing Constraints
---------------------------------------------------------------------------------
---------------------------------------------------------------------------------
Finished Applying XDC Timing Constraints : Time (s): cpu = 00:00:08 ; elapsed = 00:00:17 . Memory (MB): peak = 1367.559 ; gain = 569.688
---------------------------------------------------------------------------------
---------------------------------------------------------------------------------
Start Timing Optimization
---------------------------------------------------------------------------------
---------------------------------------------------------------------------------
Finished Timing Optimization : Time (s): cpu = 00:00:08 ; elapsed = 00:00:17 . Memory (MB): peak = 1367.559 ; gain = 569.688
---------------------------------------------------------------------------------
---------------------------------------------------------------------------------
Start Technology Mapping
---------------------------------------------------------------------------------
---------------------------------------------------------------------------------
Finished Technology Mapping : Time (s): cpu = 00:00:08 ; elapsed = 00:00:17 . Memory (MB): peak = 1367.559 ; gain = 569.688
---------------------------------------------------------------------------------
---------------------------------------------------------------------------------
Start IO Insertion
---------------------------------------------------------------------------------
---------------------------------------------------------------------------------
Start Flattening Before IO Insertion
---------------------------------------------------------------------------------
---------------------------------------------------------------------------------
Finished Flattening Before IO Insertion
---------------------------------------------------------------------------------
---------------------------------------------------------------------------------
Start Final Netlist Cleanup
---------------------------------------------------------------------------------
---------------------------------------------------------------------------------
Finished Final Netlist Cleanup
---------------------------------------------------------------------------------
---------------------------------------------------------------------------------
Finished IO Insertion : Time (s): cpu = 00:00:10 ; elapsed = 00:00:20 . Memory (MB): peak = 1367.559 ; gain = 569.688
---------------------------------------------------------------------------------
---------------------------------------------------------------------------------
Start Renaming Generated Instances
---------------------------------------------------------------------------------
---------------------------------------------------------------------------------
Finished Renaming Generated Instances : Time (s): cpu = 00:00:10 ; elapsed = 00:00:20 . Memory (MB): peak = 1367.559 ; gain = 569.688
---------------------------------------------------------------------------------
---------------------------------------------------------------------------------
Start Rebuilding User Hierarchy
---------------------------------------------------------------------------------
---------------------------------------------------------------------------------
Finished Rebuilding User Hierarchy : Time (s): cpu = 00:00:10 ; elapsed = 00:00:20 . Memory (MB): peak = 1367.559 ; gain = 569.688
---------------------------------------------------------------------------------
---------------------------------------------------------------------------------
Start Renaming Generated Ports
---------------------------------------------------------------------------------
---------------------------------------------------------------------------------
Finished Renaming Generated Ports : Time (s): cpu = 00:00:10 ; elapsed = 00:00:20 . Memory (MB): peak = 1367.559 ; gain = 569.688
---------------------------------------------------------------------------------
---------------------------------------------------------------------------------
Start Handling Custom Attributes
---------------------------------------------------------------------------------
---------------------------------------------------------------------------------
Finished Handling Custom Attributes : Time (s): cpu = 00:00:10 ; elapsed = 00:00:20 . Memory (MB): peak = 1367.559 ; gain = 569.688
---------------------------------------------------------------------------------
---------------------------------------------------------------------------------
Start Renaming Generated Nets
---------------------------------------------------------------------------------
---------------------------------------------------------------------------------
Finished Renaming Generated Nets : Time (s): cpu = 00:00:10 ; elapsed = 00:00:20 . Memory (MB): peak = 1367.559 ; gain = 569.688
---------------------------------------------------------------------------------
---------------------------------------------------------------------------------
Start ROM, RAM, DSP, Shift Register and Retiming Reporting
---------------------------------------------------------------------------------

Static Shift Register Report:
+------------+--------------------------+--------+-------+--------------+--------------------+-------------------+--------+---------+
|Module Name | RTL Name                 | Length | Width | Reset Signal | Pull out first Reg | Pull out last Reg | SRL16E | SRLC32E | 
+------------+--------------------------+--------+-------+--------------+--------------------+-------------------+--------+---------+
|average     | DG/S1/memorie1_reg[5][2] | 6      | 3     | NO           | NO                 | YES               | 3      | 0       | 
|average     | DG/S2/memorie2_reg[5][3] | 6      | 4     | NO           | NO                 | YES               | 4      | 0       | 
+------------+--------------------------+--------+-------+--------------+--------------------+-------------------+--------+---------+

---------------------------------------------------------------------------------
Finished ROM, RAM, DSP, Shift Register and Retiming Reporting
---------------------------------------------------------------------------------
---------------------------------------------------------------------------------
Start Writing Synthesis Report
---------------------------------------------------------------------------------

Report BlackBoxes: 
+-+--------------+----------+
| |BlackBox name |Instances |
+-+--------------+----------+
+-+--------------+----------+

Report Cell Usage: 
+------+-------+------+
|      |Cell   |Count |
+------+-------+------+
|1     |BUFG   |     2|
|2     |CARRY4 |    62|
|3     |LUT1   |     3|
|4     |LUT2   |    16|
|5     |LUT3   |    67|
|6     |LUT4   |    83|
|7     |LUT5   |    11|
|8     |LUT6   |    56|
|9     |MUXF7  |     7|
|10    |SRL16E |     7|
|11    |FDCE   |    90|
|12    |FDPE   |    11|
|13    |FDRE   |   165|
|14    |LDC    |     8|
|15    |IBUF   |     8|
|16    |OBUF   |    16|
+------+-------+------+
---------------------------------------------------------------------------------
Finished Writing Synthesis Report : Time (s): cpu = 00:00:10 ; elapsed = 00:00:20 . Memory (MB): peak = 1367.559 ; gain = 569.688
---------------------------------------------------------------------------------
Synthesis finished with 0 errors, 0 critical warnings and 13 warnings.
Synthesis Optimization Runtime : Time (s): cpu = 00:00:07 ; elapsed = 00:00:19 . Memory (MB): peak = 1367.559 ; gain = 500.715
Synthesis Optimization Complete : Time (s): cpu = 00:00:10 ; elapsed = 00:00:20 . Memory (MB): peak = 1367.559 ; gain = 569.688
INFO: [Project 1-571] Translating synthesized netlist
Netlist sorting complete. Time (s): cpu = 00:00:00 ; elapsed = 00:00:00.004 . Memory (MB): peak = 1367.559 ; gain = 0.000
INFO: [Netlist 29-17] Analyzing 77 Unisim elements for replacement
INFO: [Netlist 29-28] Unisim Transformation completed in 0 CPU seconds
INFO: [Project 1-570] Preparing netlist for logic optimization
INFO: [Opt 31-138] Pushed 0 inverter(s) to 0 load pin(s).
Netlist sorting complete. Time (s): cpu = 00:00:00 ; elapsed = 00:00:00 . Memory (MB): peak = 1367.559 ; gain = 0.000
INFO: [Project 1-111] Unisim Transformation Summary:
  A total of 8 instances were transformed.
  LDC => LDCE: 8 instances

Synth Design complete, checksum: f5d7355e
INFO: [Common 17-83] Releasing license: Synthesis
67 Infos, 29 Warnings, 0 Critical Warnings and 0 Errors encountered.
synth_design completed successfully
synth_design: Time (s): cpu = 00:00:12 ; elapsed = 00:00:24 . Memory (MB): peak = 1367.559 ; gain = 964.152
INFO: [Common 17-1381] The checkpoint 'C:/vivado/DataGenerator/DataGenerator.runs/synth_1/average.dcp' has been generated.
INFO: [runtcl-4] Executing : report_utilization -file average_utilization_synth.rpt -pb average_utilization_synth.pb
INFO: [Common 17-206] Exiting Vivado at Fri May 31 14:53:17 2024...
